<?xml version="1.0" encoding="UTF-8" ?>
<testsuites>
  <testsuite errors="0" failures="0" hostname="SanjayColaco" id="0" name="MyFirstWebDriverTest" package="tests" skipped="0" tests="1" time="10.407" timestamp="2016-08-27T05:21:15">
      <properties>
[...]
</properties>

      <testcase classname="tests.MyFirstWebDriverTest" name="testMyFirstWebDriverTest1" time="10.329" />

      <system-out><![CDATA[]]></system-out>

      <system-err><![CDATA[]]></system-err>

  </testsuite>
  <testsuite errors="0" failures="0" hostname="SanjayColaco" id="1" name="ParameterizationLoopTest" package="tests" skipped="0" tests="1" time="19.775" timestamp="2016-08-27T05:21:26">
      <properties>
[...]
</properties>

      <testcase classname="tests.ParameterizationLoopTest" name="test" time="19.681" />

      <system-out><![CDATA[Sydney
Brisbane
Melbourne
Adelaide
]]></system-out>

      <system-err><![CDATA[]]></system-err>

  </testsuite>
</testsuites>
